app/build/intermediates/manifest_merge_blame_file/release/manifest-merger-blame-release-report.txt
1<?xml version="1.0" encoding="utf-8"?>
2<manifest xmlns:android="http://schemas.android.com/apk/res/android"
3    package="com.shashankbhat.pdfviewer2"
4    android:versionCode="1"
5    android:versionName="1.0" >
6
7    <uses-sdk
8        android:minSdkVersion="23"
8-->src\main\AndroidManifest.xml
9        android:targetSdkVersion="29" />
9-->src\main\AndroidManifest.xml
10
11    <uses-permission android:name="android.permission.INTERNET" />
11-->src\main\AndroidManifest.xml:5:5-67
11-->src\main\AndroidManifest.xml:5:22-64
12    <uses-permission android:name="android.permission.WRITE_EXTERNAL_STORAGE" />
12-->src\main\AndroidManifest.xml:6:5-81
12-->src\main\AndroidManifest.xml:6:22-78
13    <uses-permission android:name="android.permission.READ_EXTERNAL_STORAGE" />
13-->src\main\AndroidManifest.xml:7:5-80
13-->src\main\AndroidManifest.xml:7:22-77
14
15    <!--
16      Don't forget to add below line
17
18    <application
19        ...
20        android:usesCleartextTraffic="true">
21    -->
22    <application
22-->src\main\AndroidManifest.xml:17:5-31:19
23        android:allowBackup="true"
23-->src\main\AndroidManifest.xml:18:9-35
24        android:appComponentFactory="androidx.core.app.CoreComponentFactory"
24-->[androidx.core:core:1.1.0] AndroidManifest.xml:24:18-86
25        android:extractNativeLibs="false"
26        android:icon="@mipmap/ic_launcher"
26-->src\main\AndroidManifest.xml:19:9-43
27        android:label="@string/app_name"
27-->src\main\AndroidManifest.xml:20:9-41
28        android:roundIcon="@mipmap/ic_launcher_round"
28-->src\main\AndroidManifest.xml:21:9-54
29        android:supportsRtl="true"
29-->src\main\AndroidManifest.xml:22:9-35
30        android:theme="@style/AppTheme"
30-->src\main\AndroidManifest.xml:23:9-40
31        android:usesCleartextTraffic="true" >
31-->src\main\AndroidManifest.xml:24:9-44
32        <activity android:name="com.shashankbhat.pdfviewer2.MainActivity" >
32-->src\main\AndroidManifest.xml:25:9-30:20
32-->src\main\AndroidManifest.xml:25:19-47
33            <intent-filter>
33-->src\main\AndroidManifest.xml:26:13-29:29
34                <action android:name="android.intent.action.MAIN" />
34-->src\main\AndroidManifest.xml:27:17-69
34-->src\main\AndroidManifest.xml:27:25-66
35
36                <category android:name="android.intent.category.LAUNCHER" />
36-->src\main\AndroidManifest.xml:28:17-77
36-->src\main\AndroidManifest.xml:28:27-74
37            </intent-filter>
38        </activity>
39        <activity
39-->[com.karumi:dexter:6.0.2] AndroidManifest.xml:27:9-29:72
40            android:name="com.karumi.dexter.DexterActivity"
40-->[com.karumi:dexter:6.0.2] AndroidManifest.xml:28:13-60
41            android:theme="@style/Dexter.Internal.Theme.Transparent" />
41-->[com.karumi:dexter:6.0.2] AndroidManifest.xml:29:13-69
42
43        <service
43-->[es.voghdev.pdfviewpager:library:1.1.0] AndroidManifest.xml:12:9-15:19
44            android:name="es.voghdev.pdfviewpager.library.service.CopyAssetService"
44-->[es.voghdev.pdfviewpager:library:1.1.0] AndroidManifest.xml:13:13-84
45            android:exported="false" >
45-->[es.voghdev.pdfviewpager:library:1.1.0] AndroidManifest.xml:14:13-37
46        </service>
47    </application>
48
49</manifest>